0 info it worked if it ends with ok
1 verbose cli [ 'C:\\Program Files\\nodejs\\node.exe',
1 verbose cli   'C:\\Program Files\\nodejs\\node_modules\\npm\\bin\\npm-cli.js',
1 verbose cli   'run',
1 verbose cli   'start',
1 verbose cli   '--scripts-prepend-node-path=auto' ]
2 info using npm@3.10.8
3 info using node@v6.9.1
4 verbose run-script [ 'prestart', 'start', 'poststart' ]
5 info lifecycle redux-todo@1.0.0~prestart: redux-todo@1.0.0
6 silly lifecycle redux-todo@1.0.0~prestart: no script for prestart, continuing
7 info lifecycle redux-todo@1.0.0~start: redux-todo@1.0.0
8 verbose lifecycle redux-todo@1.0.0~start: unsafe-perm in lifecycle true
9 verbose lifecycle redux-todo@1.0.0~start: PATH: C:\Users\user\AppData\Roaming\nvm\v6.9.1\node_modules\npm\bin\node-gyp-bin;F:\dev\redux-app\node_modules\.bin;C:\Program Files\ImageMagick-7.0.3-Q16;C:\ProgramData\Oracle\Java\javapath;C:\Program Files\Java\jdk1.8.0_51\bin;D:\app\user\product\11.2.0\client_1\bin;C:\Program Files (x86)\Intel\iCLS Client\;C:\Program Files\Intel\iCLS Client\;C:\WINDOWS\system32;C:\WINDOWS;C:\WINDOWS\System32\Wbem;C:\WINDOWS\System32\WindowsPowerShell\v1.0\;C:\Program Files (x86)\Intel\OpenCL SDK\3.0\bin\x86;C:\Program Files (x86)\Intel\OpenCL SDK\3.0\bin\x64;C:\Program Files\Intel\Intel(R) Management Engine Components\DAL;C:\Program Files\Intel\Intel(R) Management Engine Components\IPT;C:\Program Files (x86)\Intel\Intel(R) Management Engine Components\DAL;C:\Program Files (x86)\Intel\Intel(R) Management Engine Components\IPT;d:\dev\tool\maven\\bin;d:\dev\tool\ant\\bin;C:\Program Files\TortoiseSVN\bin;c:\Ruby200-x64\bin;C:\Program Files\MongoDB\Server\3.0\bin;C:\Program Files (x86)\Heroku\bin;C:\Program Files (x86)\git\cmd;C:\Program Files\MongoDB\Server\3.2\bin;C:\Users\user\AppData\Roaming\nvm;C:\Program Files\nodejs;C:\Program Files\TortoiseHg\;C:\PHP7;C:\Program Files\Git\cmd;C:\Gradle\gradle-4.2\bin;C:\Users\user\AppData\Local\Programs\Python\Python36;C:\Users\user\AppData\Local\Programs\Python\Python36\Lib;C:\Users\user\AppData\Local\Programs\Python\Python36\DLLs;C:\Ruby24-x64\bin;C:\Users\user\AppData\Local\Microsoft\WindowsApps;C:\Users\user\AppData\Roaming\npm;C:\Users\user\AppData\Roaming\nvm;C:\Program Files\nodejs;C:\PHP7;C:\Program Files\Heroku\bin
10 verbose lifecycle redux-todo@1.0.0~start: CWD: F:\dev\redux-app
11 silly lifecycle redux-todo@1.0.0~start: Args: [ '/d /s /c', 'webpack-dev-server --port 9999' ]
12 silly lifecycle redux-todo@1.0.0~start: Returned: code: 1  signal: null
13 info lifecycle redux-todo@1.0.0~start: Failed to exec start script
14 verbose stack Error: redux-todo@1.0.0 start: `webpack-dev-server --port 9999`
14 verbose stack Exit status 1
14 verbose stack     at EventEmitter.<anonymous> (C:\Users\user\AppData\Roaming\nvm\v6.9.1\node_modules\npm\lib\utils\lifecycle.js:255:16)
14 verbose stack     at emitTwo (events.js:106:13)
14 verbose stack     at EventEmitter.emit (events.js:191:7)
14 verbose stack     at ChildProcess.<anonymous> (C:\Users\user\AppData\Roaming\nvm\v6.9.1\node_modules\npm\lib\utils\spawn.js:40:14)
14 verbose stack     at emitTwo (events.js:106:13)
14 verbose stack     at ChildProcess.emit (events.js:191:7)
14 verbose stack     at maybeClose (internal/child_process.js:877:16)
14 verbose stack     at Process.ChildProcess._handle.onexit (internal/child_process.js:226:5)
15 verbose pkgid redux-todo@1.0.0
16 verbose cwd F:\dev\redux-app
17 error Windows_NT 10.0.15063
18 error argv "C:\\Program Files\\nodejs\\node.exe" "C:\\Program Files\\nodejs\\node_modules\\npm\\bin\\npm-cli.js" "run" "start" "--scripts-prepend-node-path=auto"
19 error node v6.9.1
20 error npm  v3.10.8
21 error code ELIFECYCLE
22 error redux-todo@1.0.0 start: `webpack-dev-server --port 9999`
22 error Exit status 1
23 error Failed at the redux-todo@1.0.0 start script 'webpack-dev-server --port 9999'.
23 error Make sure you have the latest version of node.js and npm installed.
23 error If you do, this is most likely a problem with the redux-todo package,
23 error not with npm itself.
23 error Tell the author that this fails on your system:
23 error     webpack-dev-server --port 9999
23 error You can get information on how to open an issue for this project with:
23 error     npm bugs redux-todo
23 error Or if that isn't available, you can get their info via:
23 error     npm owner ls redux-todo
23 error There is likely additional logging output above.
24 verbose exit [ 1, true ]
